app/build/intermediates/manifest_merge_blame_file/debug/manifest-merger-blame-debug-report.txt
1<?xml version="1.0" encoding="utf-8"?>
2<manifest xmlns:android="http://schemas.android.com/apk/res/android"
3    package="com.ankit.online_tic_tac_toe"
4    android:versionCode="1"
5    android:versionName="1.0" >
6
7    <uses-sdk
8        android:minSdkVersion="16"
8-->src\main\AndroidManifest.xml
9        android:targetSdkVersion="30" />
9-->src\main\AndroidManifest.xml
10
11    <uses-permission android:name="android.permission.ACCESS_NETWORK_STATE" />
11-->[com.google.firebase:firebase-iid:17.0.3] AndroidManifest.xml:22:5-79
11-->[com.google.firebase:firebase-iid:17.0.3] AndroidManifest.xml:22:22-76
12    <uses-permission android:name="android.permission.INTERNET" />
12-->[com.google.firebase:firebase-iid:17.0.3] AndroidManifest.xml:23:5-67
12-->[com.google.firebase:firebase-iid:17.0.3] AndroidManifest.xml:23:22-64
13    <uses-permission android:name="android.permission.WAKE_LOCK" /> <!-- Required by older versions of Google Play services to create IID tokens -->
13-->[com.google.firebase:firebase-iid:17.0.3] AndroidManifest.xml:24:5-68
13-->[com.google.firebase:firebase-iid:17.0.3] AndroidManifest.xml:24:22-65
14    <uses-permission android:name="com.google.android.c2dm.permission.RECEIVE" />
14-->[com.google.firebase:firebase-iid:17.0.3] AndroidManifest.xml:26:5-82
14-->[com.google.firebase:firebase-iid:17.0.3] AndroidManifest.xml:26:22-79
15
16    <application
16-->src\main\AndroidManifest.xml:5:5-43:19
17        android:allowBackup="true"
17-->src\main\AndroidManifest.xml:6:9-35
18        android:appComponentFactory="androidx.core.app.CoreComponentFactory"
18-->[androidx.core:core:1.3.1] AndroidManifest.xml:24:18-86
19        android:debuggable="true"
20        android:icon="@mipmap/ic_launcher"
20-->src\main\AndroidManifest.xml:7:9-43
21        android:label="@string/app_name"
21-->src\main\AndroidManifest.xml:8:9-41
22        android:networkSecurityConfig="@xml/network_security_config"
22-->src\main\AndroidManifest.xml:9:9-69
23        android:roundIcon="@mipmap/ic_launcher_round"
23-->src\main\AndroidManifest.xml:10:9-54
24        android:supportsRtl="true"
24-->src\main\AndroidManifest.xml:11:9-35
25        android:theme="@style/Theme.Onlinetictactoe" >
25-->src\main\AndroidManifest.xml:12:9-53
26        <activity android:name="com.ankit.online_tic_tac_toe.OnlineGameActivity" />
26-->src\main\AndroidManifest.xml:13:9-65
26-->src\main\AndroidManifest.xml:13:19-53
27        <activity
27-->src\main\AndroidManifest.xml:14:9-17:72
28            android:name="com.ankit.online_tic_tac_toe.MainActivity4"
28-->src\main\AndroidManifest.xml:15:13-42
29            android:exported="false"
29-->src\main\AndroidManifest.xml:16:13-37
30            android:theme="@style/Theme.Onlinetictactoe.NoActionBar" />
30-->src\main\AndroidManifest.xml:17:13-69
31        <activity
31-->src\main\AndroidManifest.xml:18:9-21:72
32            android:name="com.ankit.online_tic_tac_toe.MainActivity3"
32-->src\main\AndroidManifest.xml:19:13-42
33            android:exported="false"
33-->src\main\AndroidManifest.xml:20:13-37
34            android:theme="@style/Theme.Onlinetictactoe.NoActionBar" />
34-->src\main\AndroidManifest.xml:21:13-69
35        <activity
35-->src\main\AndroidManifest.xml:22:9-26:72
36            android:name="com.ankit.online_tic_tac_toe.MainActivity2"
36-->src\main\AndroidManifest.xml:23:13-42
37            android:exported="false"
37-->src\main\AndroidManifest.xml:24:13-37
38            android:noHistory="true"
38-->src\main\AndroidManifest.xml:25:13-37
39            android:theme="@style/Theme.Onlinetictactoe.NoActionBar" />
39-->src\main\AndroidManifest.xml:26:13-69
40        <activity
40-->src\main\AndroidManifest.xml:27:9-36:20
41            android:name="com.ankit.online_tic_tac_toe.MainActivity"
41-->src\main\AndroidManifest.xml:28:13-41
42            android:exported="true"
42-->src\main\AndroidManifest.xml:29:13-36
43            android:theme="@style/Theme.Onlinetictactoe.NoActionBar" >
43-->src\main\AndroidManifest.xml:30:13-69
44            <intent-filter>
44-->src\main\AndroidManifest.xml:31:13-35:29
45                <action android:name="android.intent.action.MAIN" />
45-->src\main\AndroidManifest.xml:32:17-69
45-->src\main\AndroidManifest.xml:32:25-66
46
47                <category android:name="android.intent.category.LAUNCHER" />
47-->src\main\AndroidManifest.xml:34:17-77
47-->src\main\AndroidManifest.xml:34:27-74
48            </intent-filter>
49        </activity>
50
51        <service android:name="com.ankit.online_tic_tac_toe.FirebaseMessageReceiver" >
51-->src\main\AndroidManifest.xml:38:9-42:19
51-->src\main\AndroidManifest.xml:38:18-57
52            <intent-filter>
52-->src\main\AndroidManifest.xml:39:13-41:29
53                <action android:name="com.google.firebase.MESSAGING_EVENT" />
53-->src\main\AndroidManifest.xml:40:17-78
53-->src\main\AndroidManifest.xml:40:25-75
54            </intent-filter>
55        </service>
56        <!--
57             FirebaseMessagingService performs security checks at runtime,
58             no need for explicit permissions despite exported="true"
59        -->
60        <service
60-->[com.google.firebase:firebase-messaging:17.3.3] AndroidManifest.xml:28:9-34:19
61            android:name="com.google.firebase.messaging.FirebaseMessagingService"
61-->[com.google.firebase:firebase-messaging:17.3.3] AndroidManifest.xml:29:13-82
62            android:exported="true" >
62-->[com.google.firebase:firebase-messaging:17.3.3] AndroidManifest.xml:30:13-36
63            <intent-filter android:priority="-500" >
63-->src\main\AndroidManifest.xml:39:13-41:29
64                <action android:name="com.google.firebase.MESSAGING_EVENT" />
64-->src\main\AndroidManifest.xml:40:17-78
64-->src\main\AndroidManifest.xml:40:25-75
65            </intent-filter>
66        </service>
67        <service
67-->[com.google.firebase:firebase-iid:17.0.3] AndroidManifest.xml:29:9-35:19
68            android:name="com.google.firebase.components.ComponentDiscoveryService"
68-->[com.google.firebase:firebase-iid:17.0.3] AndroidManifest.xml:30:13-84
69            android:exported="false" >
69-->[com.google.firebase:firebase-iid:17.0.3] AndroidManifest.xml:31:13-37
70            <meta-data
70-->[com.google.firebase:firebase-iid:17.0.3] AndroidManifest.xml:32:13-34:85
71                android:name="com.google.firebase.components:com.google.firebase.iid.Registrar"
71-->[com.google.firebase:firebase-iid:17.0.3] AndroidManifest.xml:33:17-96
72                android:value="com.google.firebase.components.ComponentRegistrar" />
72-->[com.google.firebase:firebase-iid:17.0.3] AndroidManifest.xml:34:17-82
73        </service>
74
75        <receiver
75-->[com.google.firebase:firebase-iid:17.0.3] AndroidManifest.xml:37:9-44:20
76            android:name="com.google.firebase.iid.FirebaseInstanceIdReceiver"
76-->[com.google.firebase:firebase-iid:17.0.3] AndroidManifest.xml:38:13-78
77            android:exported="true"
77-->[com.google.firebase:firebase-iid:17.0.3] AndroidManifest.xml:39:13-36
78            android:permission="com.google.android.c2dm.permission.SEND" >
78-->[com.google.firebase:firebase-iid:17.0.3] AndroidManifest.xml:40:13-73
79            <intent-filter>
79-->[com.google.firebase:firebase-iid:17.0.3] AndroidManifest.xml:41:13-43:29
80                <action android:name="com.google.android.c2dm.intent.RECEIVE" />
80-->[com.google.firebase:firebase-iid:17.0.3] AndroidManifest.xml:42:17-81
80-->[com.google.firebase:firebase-iid:17.0.3] AndroidManifest.xml:42:25-78
81            </intent-filter>
82        </receiver>
83        <!--
84             FirebaseInstanceIdService performs security checks at runtime,
85             no need for explicit permissions despite exported="true"
86        -->
87        <service
87-->[com.google.firebase:firebase-iid:17.0.3] AndroidManifest.xml:50:9-56:19
88            android:name="com.google.firebase.iid.FirebaseInstanceIdService"
88-->[com.google.firebase:firebase-iid:17.0.3] AndroidManifest.xml:51:13-77
89            android:exported="true" >
89-->[com.google.firebase:firebase-iid:17.0.3] AndroidManifest.xml:52:13-36
90            <intent-filter android:priority="-500" >
90-->[com.google.firebase:firebase-iid:17.0.3] AndroidManifest.xml:53:13-55:29
90-->[com.google.firebase:firebase-iid:17.0.3] AndroidManifest.xml:53:28-51
91                <action android:name="com.google.firebase.INSTANCE_ID_EVENT" />
91-->[com.google.firebase:firebase-iid:17.0.3] AndroidManifest.xml:54:17-80
91-->[com.google.firebase:firebase-iid:17.0.3] AndroidManifest.xml:54:25-77
92            </intent-filter>
93        </service>
94
95        <provider
95-->[com.google.firebase:firebase-common:16.0.3] AndroidManifest.xml:10:9-14:39
96            android:name="com.google.firebase.provider.FirebaseInitProvider"
96-->[com.google.firebase:firebase-common:16.0.3] AndroidManifest.xml:11:13-77
97            android:authorities="com.ankit.online_tic_tac_toe.firebaseinitprovider"
97-->[com.google.firebase:firebase-common:16.0.3] AndroidManifest.xml:12:13-72
98            android:exported="false"
98-->[com.google.firebase:firebase-common:16.0.3] AndroidManifest.xml:13:13-37
99            android:initOrder="100" />
99-->[com.google.firebase:firebase-common:16.0.3] AndroidManifest.xml:14:13-36
100
101        <activity
101-->[com.google.android.gms:play-services-base:16.0.1] AndroidManifest.xml:23:9-26:75
102            android:name="com.google.android.gms.common.api.GoogleApiActivity"
102-->[com.google.android.gms:play-services-base:16.0.1] AndroidManifest.xml:24:13-79
103            android:exported="false"
103-->[com.google.android.gms:play-services-base:16.0.1] AndroidManifest.xml:25:13-37
104            android:theme="@android:style/Theme.Translucent.NoTitleBar" />
104-->[com.google.android.gms:play-services-base:16.0.1] AndroidManifest.xml:26:13-72
105
106        <meta-data
106-->[com.google.android.gms:play-services-basement:16.0.1] AndroidManifest.xml:23:9-25:69
107            android:name="com.google.android.gms.version"
107-->[com.google.android.gms:play-services-basement:16.0.1] AndroidManifest.xml:24:13-58
108            android:value="@integer/google_play_services_version" />
108-->[com.google.android.gms:play-services-basement:16.0.1] AndroidManifest.xml:25:13-66
109    </application>
110
111</manifest>